iMPACT Version: 14.5

iMPACT log file Started on Wed May 07 17:10:36 2014

Welcome to iMPACT
iMPACT Version: 14.5
// *** BATCH CMD : setMode -bs
GUI --- Auto connect to cable...
// *** BATCH CMD : setCable -port auto
INFO:iMPACT - Connecting to TCF agent...
INFO:iMPACT - Digilent Plugin: Plugin Version: 2.4.4
INFO:iMPACT - Digilent Plugin: no JTAG device was found.
AutoDetecting cable. Please wait.
*** WARNING ***: When port is set to auto detect mode, cable speed is set todefault 6 MHz regardless of explicit arguments supplied for setting the baudrates
PROGRESS_START - Starting Operation.
Connecting to cable (Usb Port - USB21).
Checking cable driver.
 Source driver files not found.
The Platform Cable USB is not detected. Please connect a cable.If a cable isconnected, please disconnect
and reconnect to the usb port, follow the instructions in the 'Found NewHardware Wizard', then retry
the Cable Setup operation.
Cable connection failed.
Connecting to cable (Parallel Port - LPT1).
Checking cable driver.
 Driver windrvr6.sys version = 10.2.1.0. WinDriver v10.21 Jungo (c) 1997 - 2010 Build Date: Aug 31 2010 x86_64 64bit SYS14:14:44, version = 1021.
Cable connection failed.
Connecting to cable (Parallel Port - LPT2).
Checking cable driver.
 Driver windrvr6.sys version = 10.2.1.0. WinDriver v10.21 Jungo (c) 1997 - 2010 Build Date: Aug 31 2010 x86_64 64bit SYS14:14:44, version = 1021.
Cable connection failed.
Connecting to cable (Parallel Port - LPT3).
Checking cable driver.
 Driver windrvr6.sys version = 10.2.1.0. WinDriver v10.21 Jungo (c) 1997 - 2010 Build Date: Aug 31 2010 x86_64 64bit SYS14:14:44, version = 1021.
Cable connection failed.
Connecting to cable (Parallel Port - LPT4).
Checking cable driver.
 Driver windrvr6.sys version = 10.2.1.0. WinDriver v10.21 Jungo (c) 1997 - 2010 Build Date: Aug 31 2010 x86_64 64bit SYS14:14:44, version = 1021.
Cable connection failed.
PROGRESS_END - End Operation.
Elapsed time =      2 sec.
Cable autodetection failed.
WARNING:iMPACT:923 - Can not find cable, check cable setup !GUI --- Auto connect to cable...
// *** BATCH CMD : setCable -port auto
INFO:iMPACT - Connecting to TCF agent...
INFO:iMPACT - Digilent Plugin: Plugin Version: 2.4.4
INFO:iMPACT - Digilent Plugin: found 1 device(s).
INFO:iMPACT - Digilent Plugin: opening device: "Nexys4", SN:210274504926
INFO:iMPACT - Digilent Plugin: User Name: Nexys4
INFO:iMPACT - Digilent Plugin: Product Name: Digilent Nexys4
INFO:iMPACT - Digilent Plugin: Serial Number: 210274504926
INFO:iMPACT - Digilent Plugin: Product ID: 01200151
INFO:iMPACT - Digilent Plugin: Firmware Version: 0105
INFO:iMPACT - Digilent Plugin: JTAG Port Number: 0
INFO:iMPACT - Digilent Plugin: JTAG Clock Frequency: 10000000 Hz
Attempting to identify devices in the boundary-scan chain configuration...
INFO:iMPACT - Current time: 07/05/2014 17:10:56
// *** BATCH CMD : Identify -inferir 
PROGRESS_START - Starting Operation.
Identifying chain contents...'0': : Manufacturer's ID = Xilinx XC7A100T, Version : 1
INFO:iMPACT:1777 - 
   Reading C:/Xilinx/14.5/ISE_DS/ISE/artix7/data/xc7a100t.bsd...
INFO:iMPACT - Using CseAdapterBSDevice
INFO:iMPACT:501 - '1': Added Device XC7A100T successfully.
----------------------------------------------------------------------
done.
PROGRESS_END - End Operation.
Elapsed time =      1 sec.
// *** BATCH CMD : identifyMPM 
// *** BATCH CMD : assignFile -p 1 -file"C:/FPGA/Github/OV7670-VHDL/OV7670/mod_vga.bit"
'1': Loading file 'C:/FPGA/Github/OV7670-VHDL/OV7670/mod_vga.bit' ...
done.
INFO:iMPACT - Using CseAdapterBSDevice
INFO:iMPACT:2257 - Startup Clock has been changed to 'JtagClk' in the bitstream   stored in memory,
   but the original bitstream file remains unchanged.
UserID read from the bitstream file = 0xFFFFFFFF.
Data width read from the bitstream file = 1.
INFO:iMPACT:501 - '1': Added Device xc7a100t successfully.
----------------------------------------------------------------------
INFO:iMPACT - Current time: 07/05/2014 17:11:39
// *** BATCH CMD : Program -p 1 
Maximum TCK operating frequency for this device chain: 66000000.
Validating chain...
Boundary-scan chain validated successfully.
1: Device Temperature: Current Reading:   41.02 C, Min. Reading:   32.16 C, Max.Reading:   41.52 C
1: VCCINT Supply: Current Reading:   0.993 V, Min. Reading:   0.984 V, Max.Reading:   1.005 V
1: VCCAUX Supply: Current Reading:   1.790 V, Min. Reading:   1.787 V, Max.Reading:   1.793 V
INFO:iMPACT - Creating XC7A100T device.
PROGRESS_START - Starting Operation.
'1': Programming device...
 Match_cycle = NoWait.
Match cycle: NoWait
 LCK_cycle = NoWait.
LCK cycle: NoWait
done.
INFO:Cse - Status register values:
INFO:Cse - 0011 1111 1001 1110 0000 1000 0000 0010 
INFO:Cse - '1': Completed downloading bit file to device.
INFO:Cse - '1': Programming completed successfully.
PROGRESS_END - End Operation.
Elapsed time =      4 sec.
 Match_cycle = NoWait.
Match cycle: NoWait
 LCK_cycle = NoWait.
LCK cycle: NoWait
INFO:iMPACT - '1': Checking done pin....done.
'1': Programmed successfully.
INFO:iMPACT - Current time: 07/05/2014 17:32:38
Updating config file C:/FPGA/Github/OV7670-VHDL/OV7670/mod_vga.bit...
INFO:iMPACT:2257 - Startup Clock has been changed to 'JtagClk' in the bitstream   stored in memory,
   but the original bitstream file remains unchanged.
// *** BATCH CMD : Program -p 1 
Maximum TCK operating frequency for this device chain: 66000000.
Validating chain...
Boundary-scan chain validated successfully.
1: Device Temperature: Current Reading:   36.59 C, Min. Reading:   33.64 C, Max.Reading:   41.52 C
1: VCCINT Supply: Current Reading:   1.002 V, Min. Reading:   0.999 V, Max.Reading:   1.005 V
1: VCCAUX Supply: Current Reading:   1.799 V, Min. Reading:   1.796 V, Max.Reading:   1.799 V
PROGRESS_START - Starting Operation.
'1': Programming device...
 Match_cycle = NoWait.
Match cycle: NoWait
 LCK_cycle = NoWait.
LCK cycle: NoWait
done.
INFO:Cse - Status register values:
INFO:Cse - 0011 1111 1001 1110 0000 1000 0000 0010 
INFO:Cse - '1': Completed downloading bit file to device.
INFO:Cse - '1': Programming completed successfully.
PROGRESS_END - End Operation.
Elapsed time =      4 sec.
 Match_cycle = NoWait.
Match cycle: NoWait
 LCK_cycle = NoWait.
LCK cycle: NoWait
INFO:iMPACT - '1': Checking done pin....done.
'1': Programmed successfully.
INFO:iMPACT - Current time: 07/05/2014 17:40:26
Updating config file C:/FPGA/Github/OV7670-VHDL/OV7670/mod_vga.bit...
INFO:iMPACT:2257 - Startup Clock has been changed to 'JtagClk' in the bitstream   stored in memory,
   but the original bitstream file remains unchanged.
// *** BATCH CMD : Program -p 1 
Maximum TCK operating frequency for this device chain: 66000000.
Validating chain...
Boundary-scan chain validated successfully.
1: Device Temperature: Current Reading:   37.09 C, Min. Reading:   36.10 C, Max.Reading:   38.07 C
1: VCCINT Supply: Current Reading:   1.002 V, Min. Reading:   0.999 V, Max.Reading:   1.005 V
1: VCCAUX Supply: Current Reading:   1.796 V, Min. Reading:   1.796 V, Max.Reading:   1.799 V
PROGRESS_START - Starting Operation.
'1': Programming device...
 Match_cycle = NoWait.
Match cycle: NoWait
 LCK_cycle = NoWait.
LCK cycle: NoWait
done.
INFO:Cse - Status register values:
INFO:Cse - 0011 1111 1001 1110 0000 1000 0000 0010 
INFO:Cse - '1': Completed downloading bit file to device.
INFO:Cse - '1': Programming completed successfully.
PROGRESS_END - End Operation.
Elapsed time =      3 sec.
 Match_cycle = NoWait.
Match cycle: NoWait
 LCK_cycle = NoWait.
LCK cycle: NoWait
INFO:iMPACT - '1': Checking done pin....done.
'1': Programmed successfully.
INFO:iMPACT - Current time: 07/05/2014 17:43:15
Updating config file C:/FPGA/Github/OV7670-VHDL/OV7670/mod_vga.bit...
INFO:iMPACT:2257 - Startup Clock has been changed to 'JtagClk' in the bitstream   stored in memory,
   but the original bitstream file remains unchanged.
// *** BATCH CMD : Program -p 1 
Maximum TCK operating frequency for this device chain: 66000000.
Validating chain...
Boundary-scan chain validated successfully.
1: Device Temperature: Current Reading:   37.09 C, Min. Reading:   36.59 C, Max.Reading:   38.56 C
1: VCCINT Supply: Current Reading:   1.002 V, Min. Reading:   1.002 V, Max.Reading:   1.005 V
1: VCCAUX Supply: Current Reading:   1.796 V, Min. Reading:   1.796 V, Max.Reading:   1.799 V
PROGRESS_START - Starting Operation.
'1': Programming device...
 Match_cycle = NoWait.
Match cycle: NoWait
 LCK_cycle = NoWait.
LCK cycle: NoWait
done.
INFO:Cse - Status register values:
INFO:Cse - 0011 1111 1001 1110 0000 1000 0000 0010 
INFO:Cse - '1': Completed downloading bit file to device.
INFO:Cse - '1': Programming completed successfully.
PROGRESS_END - End Operation.
Elapsed time =      4 sec.
 Match_cycle = NoWait.
Match cycle: NoWait
 LCK_cycle = NoWait.
LCK cycle: NoWait
INFO:iMPACT - '1': Checking done pin....done.
'1': Programmed successfully.
INFO:iMPACT - Current time: 07/05/2014 17:46:24
Updating config file C:/FPGA/Github/OV7670-VHDL/OV7670/mod_vga.bit...
INFO:iMPACT:2257 - Startup Clock has been changed to 'JtagClk' in the bitstream   stored in memory,
   but the original bitstream file remains unchanged.
// *** BATCH CMD : Program -p 1 
Maximum TCK operating frequency for this device chain: 66000000.
Validating chain...
Boundary-scan chain validated successfully.
1: Device Temperature: Current Reading:   37.09 C, Min. Reading:   36.59 C, Max.Reading:   38.56 C
1: VCCINT Supply: Current Reading:   1.002 V, Min. Reading:   1.002 V, Max.Reading:   1.005 V
1: VCCAUX Supply: Current Reading:   1.796 V, Min. Reading:   1.793 V, Max.Reading:   1.799 V
PROGRESS_START - Starting Operation.
'1': Programming device...
 Match_cycle = NoWait.
Match cycle: NoWait
 LCK_cycle = NoWait.
LCK cycle: NoWait
done.
INFO:Cse - Status register values:
INFO:Cse - 0011 1111 1001 1110 0000 1000 0000 0010 
INFO:Cse - '1': Completed downloading bit file to device.
INFO:Cse - '1': Programming completed successfully.
PROGRESS_END - End Operation.
Elapsed time =      3 sec.
 Match_cycle = NoWait.
Match cycle: NoWait
 LCK_cycle = NoWait.
LCK cycle: NoWait
INFO:iMPACT - '1': Checking done pin....done.
'1': Programmed successfully.
INFO:iMPACT - Current time: 07/05/2014 17:49:36
Updating config file C:/FPGA/Github/OV7670-VHDL/OV7670/mod_vga.bit...
INFO:iMPACT:2257 - Startup Clock has been changed to 'JtagClk' in the bitstream   stored in memory,
   but the original bitstream file remains unchanged.
// *** BATCH CMD : Program -p 1 
Maximum TCK operating frequency for this device chain: 66000000.
Validating chain...
Boundary-scan chain validated successfully.
1: Device Temperature: Current Reading:   37.09 C, Min. Reading:   36.59 C, Max.Reading:   38.56 C
1: VCCINT Supply: Current Reading:   1.002 V, Min. Reading:   1.002 V, Max.Reading:   1.005 V
1: VCCAUX Supply: Current Reading:   1.796 V, Min. Reading:   1.796 V, Max.Reading:   1.799 V
PROGRESS_START - Starting Operation.
'1': Programming device...
 Match_cycle = NoWait.
Match cycle: NoWait
 LCK_cycle = NoWait.
LCK cycle: NoWait
done.
INFO:Cse - Status register values:
INFO:Cse - 0011 1111 1001 1110 0000 1000 0000 0010 
INFO:Cse - '1': Completed downloading bit file to device.
INFO:Cse - '1': Programming completed successfully.
PROGRESS_END - End Operation.
Elapsed time =      3 sec.
 Match_cycle = NoWait.
Match cycle: NoWait
 LCK_cycle = NoWait.
LCK cycle: NoWait
INFO:iMPACT - '1': Checking done pin....done.
'1': Programmed successfully.
INFO:iMPACT - Current time: 07/05/2014 17:53:04
Updating config file C:/FPGA/Github/OV7670-VHDL/OV7670/mod_vga.bit...
INFO:iMPACT:2257 - Startup Clock has been changed to 'JtagClk' in the bitstream   stored in memory,
   but the original bitstream file remains unchanged.
// *** BATCH CMD : Program -p 1 
Maximum TCK operating frequency for this device chain: 66000000.
Validating chain...
Boundary-scan chain validated successfully.
1: Device Temperature: Current Reading:   37.09 C, Min. Reading:   37.09 C, Max.Reading:   39.05 C
1: VCCINT Supply: Current Reading:   1.002 V, Min. Reading:   1.002 V, Max.Reading:   1.005 V
1: VCCAUX Supply: Current Reading:   1.796 V, Min. Reading:   1.796 V, Max.Reading:   1.799 V
PROGRESS_START - Starting Operation.
'1': Programming device...
 Match_cycle = NoWait.
Match cycle: NoWait
 LCK_cycle = NoWait.
LCK cycle: NoWait
done.
INFO:Cse - Status register values:
INFO:Cse - 0011 1111 1001 1110 0000 1000 0000 0010 
INFO:Cse - '1': Completed downloading bit file to device.
INFO:Cse - '1': Programming completed successfully.
PROGRESS_END - End Operation.
Elapsed time =      4 sec.
 Match_cycle = NoWait.
Match cycle: NoWait
 LCK_cycle = NoWait.
LCK cycle: NoWait
INFO:iMPACT - '1': Checking done pin....done.
'1': Programmed successfully.
INFO:iMPACT - Current time: 07/05/2014 17:56:14
Updating config file C:/FPGA/Github/OV7670-VHDL/OV7670/mod_vga.bit...
INFO:iMPACT:2257 - Startup Clock has been changed to 'JtagClk' in the bitstream   stored in memory,
   but the original bitstream file remains unchanged.
// *** BATCH CMD : Program -p 1 
Maximum TCK operating frequency for this device chain: 66000000.
Validating chain...
Boundary-scan chain validated successfully.
1: Device Temperature: Current Reading:   37.09 C, Min. Reading:   36.59 C, Max.Reading:   38.56 C
1: VCCINT Supply: Current Reading:   1.002 V, Min. Reading:   1.002 V, Max.Reading:   1.005 V
1: VCCAUX Supply: Current Reading:   1.796 V, Min. Reading:   1.796 V, Max.Reading:   1.799 V
PROGRESS_START - Starting Operation.
'1': Programming device...
 Match_cycle = NoWait.
Match cycle: NoWait
 LCK_cycle = NoWait.
LCK cycle: NoWait
done.
INFO:Cse - Status register values:
INFO:Cse - 0011 1111 1001 1110 0000 1000 0000 0010 
INFO:Cse - '1': Completed downloading bit file to device.
INFO:Cse - '1': Programming completed successfully.
PROGRESS_END - End Operation.
Elapsed time =      3 sec.
 Match_cycle = NoWait.
Match cycle: NoWait
 LCK_cycle = NoWait.
LCK cycle: NoWait
INFO:iMPACT - '1': Checking done pin....done.
'1': Programmed successfully.
INFO:iMPACT - Current time: 07/05/2014 18:57:34
Updating config file C:/FPGA/Github/OV7670-VHDL/OV7670/mod_vga.bit...
INFO:iMPACT:2257 - Startup Clock has been changed to 'JtagClk' in the bitstream   stored in memory,
   but the original bitstream file remains unchanged.
// *** BATCH CMD : Program -p 1 
Maximum TCK operating frequency for this device chain: 66000000.
Validating chain...
PROGRESS_START - Starting Operation.
Boundary-scan chain validated successfully.
1: Device Temperature: Current Reading:   37.58 C, Min. Reading:   36.59 C, Max.Reading:   38.56 C
1: VCCINT Supply: Current Reading:   1.002 V, Min. Reading:   1.002 V, Max.Reading:   1.005 V
1: VCCAUX Supply: Current Reading:   1.799 V, Min. Reading:   1.796 V, Max.Reading:   1.799 V
PROGRESS_START - Starting Operation.
'1': Programming device...
 Match_cycle = NoWait.
Match cycle: NoWait
 LCK_cycle = NoWait.
LCK cycle: NoWait
done.
INFO:Cse - Status register values:
INFO:Cse - 0011 1111 1001 1110 0000 1000 0000 0010 
INFO:Cse - '1': Completed downloading bit file to device.
INFO:Cse - '1': Programming completed successfully.
PROGRESS_END - End Operation.
Elapsed time =      3 sec.
 Match_cycle = NoWait.
Match cycle: NoWait
 LCK_cycle = NoWait.
LCK cycle: NoWait
INFO:iMPACT - '1': Checking done pin....done.
'1': Programmed successfully.
// *** BATCH CMD : setMode -bs
// *** BATCH CMD : setMode -ss
// *** BATCH CMD : setMode -sm
// *** BATCH CMD : setMode -hw140
// *** BATCH CMD : setMode -spi
// *** BATCH CMD : setMode -acecf
// *** BATCH CMD : setMode -acempm
// *** BATCH CMD : setMode -pff
// *** BATCH CMD : setMode -bs
// *** BATCH CMD : saveProjectFile -file "C:\Xilinx\default.ipf"
// *** BATCH CMD : setMode -bs
INFO:iMPACT - Launching WebTalk, please refer to the webtalk log at   C:\Xilinx/webtalk.log for details.
INFO:iMPACT - Running wbtc successfully.
// *** BATCH CMD : setMode -bs
// *** BATCH CMD : deleteDevice -position 1
// *** BATCH CMD : setMode -bs
// *** BATCH CMD : setMode -ss
// *** BATCH CMD : setMode -sm
// *** BATCH CMD : setMode -hw140
// *** BATCH CMD : setMode -spi
// *** BATCH CMD : setMode -acecf
// *** BATCH CMD : setMode -acempm
// *** BATCH CMD : setMode -pff
